<?xml version="1.0" encoding="UTF-8"?>
<!-- Generated by org.testng.reporters.JUnitReportReporter -->
<testsuite hostname="Noors-iMac.local" name="test_cases.Login" tests="1" failures="0" timestamp="24 Nov 2019 13:38:03 GMT" time="9.627" errors="0">
  <testcase name="login" time="9.627" classname="test_cases.Login"/>
</testsuite> <!-- test_cases.Login -->
